#
# There is insufficient memory for the Java Runtime Environment to continue.
# Native memory allocation (malloc) failed to allocate 131088 bytes for Chunk::new
# Possible reasons:
#   The system is out of physical RAM or swap space
#   In 32 bit mode, the process size limit was hit
# Possible solutions:
#   Reduce memory load on the system
#   Increase physical memory or swap space
#   Check if swap backing store is full
#   Use 64 bit Java on a 64 bit OS
#   Decrease Java heap size (-Xmx/-Xms)
#   Decrease number of Java threads
#   Decrease Java thread stack sizes (-Xss)
#   Set larger code cache with -XX:ReservedCodeCacheSize=
# This output file may be truncated or incomplete.
#
#  Out of Memory Error (allocation.cpp:390), pid=5864, tid=7476
#
# JRE version: Java(TM) SE Runtime Environment (8.0_65-b17) (build 1.8.0_65-b17)
# Java VM: Java HotSpot(TM) 64-Bit Server VM (25.65-b01 mixed mode windows-amd64 compressed oops)
# Failed to write core dump. Minidumps are not enabled by default on client versions of Windows
#

---------------  T H R E A D  ---------------

Current thread (0x0000000054e5f800):  JavaThread "C2 CompilerThread0" daemon [_thread_in_native, id=7476, stack(0x00000000569d0000,0x0000000056ad0000)]

Stack: [0x00000000569d0000,0x0000000056ad0000]
[error occurred during error reporting (printing stack bounds), id 0xc0000005]

Native frames: (J=compiled Java code, j=interpreted, Vv=VM code, C=native code)


Current CompileTask:
C2:   3512 1440   !   4       com.android.dx.cf.code.BytecodeArray::parseInstruction (2764 bytes)


---------------  P R O C E S S  ---------------

Java Threads: ( => current thread )
  0x0000000056409800 JavaThread "pool-1-thread-4" [_thread_blocked, id=8448, stack(0x00000000573e0000,0x00000000574e0000)]
  0x0000000056402000 JavaThread "pool-1-thread-3" [_thread_blocked, id=12048, stack(0x0000000056c00000,0x0000000056d00000)]
  0x00000000563fe000 JavaThread "pool-1-thread-2" [_thread_in_Java, id=4700, stack(0x0000000057220000,0x0000000057320000)]
  0x00000000563fc000 JavaThread "pool-2-thread-1" [_thread_blocked, id=10640, stack(0x0000000056fb0000,0x00000000570b0000)]
  0x00000000563fb000 JavaThread "pool-1-thread-1" [_thread_blocked, id=6948, stack(0x0000000056e70000,0x0000000056f70000)]
  0x0000000056183000 JavaThread "Service Thread" daemon [_thread_blocked, id=7504, stack(0x0000000056520000,0x0000000056620000)]
  0x000000005617f800 JavaThread "C1 CompilerThread2" daemon [_thread_blocked, id=7864, stack(0x0000000056760000,0x0000000056860000)]
  0x0000000056126000 JavaThread "C2 CompilerThread1" daemon [_thread_in_native, id=1888, stack(0x0000000056ae0000,0x0000000056be0000)]
=>0x0000000054e5f800 JavaThread "C2 CompilerThread0" daemon [_thread_in_native, id=7476, stack(0x00000000569d0000,0x0000000056ad0000)]
  0x0000000054e5e000 JavaThread "Attach Listener" daemon [_thread_blocked, id=7724, stack(0x0000000056890000,0x0000000056990000)]
  0x0000000054e62800 JavaThread "Signal Dispatcher" daemon [_thread_blocked, id=2408, stack(0x0000000056640000,0x0000000056740000)]
  0x0000000054e02000 JavaThread "Finalizer" daemon [_thread_blocked, id=8160, stack(0x0000000055d70000,0x0000000055e70000)]
  0x0000000054e00800 JavaThread "Reference Handler" daemon [_thread_blocked, id=6464, stack(0x0000000056010000,0x0000000056110000)]
  0x000000000233f000 JavaThread "main" [_thread_blocked, id=6420, stack(0x0000000002360000,0x0000000002460000)]

Other Threads:
  0x0000000054dfb000 VMThread [stack: 0x0000000055eb0000,0x0000000055fb0000] [id=6792]
  0x00000000561e6000 WatcherThread [stack: 0x0000000056d30000,0x0000000056e30000] [id=3864]

VM state:not at safepoint (normal execution)

VM Mutex/Monitor currently owned by a thread:  ([mutex/lock_event])
[0x000000000233cf90] Heap_lock - owner thread: 0x0000000056409800

Heap:
 PSYoungGen      total 37888K, used 25033K [0x00000000eab00000, 0x00000000ef500000, 0x0000000100000000)
  eden space 32768K, 60% used [0x00000000eab00000,0x00000000ebe77420,0x00000000ecb00000)
  from space 5120K, 99% used [0x00000000ecb00000,0x00000000ecffb268,0x00000000ed000000)
  to   space 5120K, 0% used [0x00000000ef000000,0x00000000ef000000,0x00000000ef500000)
 ParOldGen       total 86016K, used 1279K [0x00000000c0000000, 0x00000000c5400000, 0x00000000eab00000)
  object space 86016K, 1% used [0x00000000c0000000,0x00000000c013fe98,0x00000000c5400000)
 Metaspace       used 6143K, capacity 7028K, committed 7296K, reserved 1056768K
  class space    used 602K, capacity 620K, committed 640K, reserved 1048576K

Card table byte_map: [0x0000000011820000,0x0000000011a30000] byte_map_base: 0x0000000011220000

Marking Bits: (ParMarkBitMap*) 0x0000000069a9a5b0
 Begin Bits: [0x0000000012270000, 0x0000000013270000)
 End Bits:   [0x0000000013270000, 0x0000000014270000)

Polling page: 0x0000000000340000

CodeCache: size=245760Kb used=6166Kb max_used=6166Kb free=239593Kb
 bounds [0x0000000002460000, 0x0000000002a70000, 0x0000000011460000]
 total_blobs=1740 nmethods=1469 adapters=184
 compilation: enabled

Compilation events (10 events):
Event: 3.491 Thread 0x000000005617f800 1475       3       com.android.dx.cf.code.Ropper::addSynchExceptionHandlerBlock (206 bytes)
Event: 3.494 Thread 0x000000005617f800 nmethod 1475 0x0000000002a50fd0 code [0x0000000002a51560, 0x0000000002a55178]
Event: 3.495 Thread 0x000000005617f800 1476       3       com.android.dx.cf.code.Ropper::addSetupBlocks (535 bytes)
Event: 3.504 Thread 0x000000005617f800 nmethod 1476 0x0000000002a58410 code [0x0000000002a58ec0, 0x0000000002a610e8]
Event: 3.504 Thread 0x000000005617f800 1477       3       com.android.dx.cf.code.Frame::initializeWithParameters (49 bytes)
Event: 3.505 Thread 0x000000005617f800 nmethod 1477 0x0000000002a37a50 code [0x0000000002a37c00, 0x0000000002a38308]
Event: 3.505 Thread 0x000000005617f800 1478       3       com.android.dx.cf.code.BaseMachine::popArgs (137 bytes)
Event: 3.506 Thread 0x000000005617f800 nmethod 1478 0x0000000002a68b10 code [0x0000000002a68e80, 0x0000000002a6a808]
Event: 3.507 Thread 0x000000005617f800 1479       3       com.android.dx.ssa.LiteralOpUpgrader$1::visitPhiInsn (1 bytes)
Event: 3.507 Thread 0x000000005617f800 nmethod 1479 0x0000000002a37710 code [0x0000000002a37860, 0x0000000002a379b0]

GC Heap History (2 events):
Event: 3.176 GC heap before
{Heap before GC invocations=1 (full 0):
 PSYoungGen      total 37888K, used 32768K [0x00000000eab00000, 0x00000000ed500000, 0x0000000100000000)
  eden space 32768K, 100% used [0x00000000eab00000,0x00000000ecb00000,0x00000000ecb00000)
  from space 5120K, 0% used [0x00000000ed000000,0x00000000ed000000,0x00000000ed500000)
  to   space 5120K, 0% used [0x00000000ecb00000,0x00000000ecb00000,0x00000000ed000000)
 ParOldGen       total 86016K, used 0K [0x00000000c0000000, 0x00000000c5400000, 0x00000000eab00000)
  object space 86016K, 0% used [0x00000000c0000000,0x00000000c0000000,0x00000000c5400000)
 Metaspace       used 6080K, capacity 6964K, committed 7040K, reserved 1056768K
  class space    used 602K, capacity 620K, committed 640K, reserved 1048576K
Event: 3.222 GC heap after
Heap after GC invocations=1 (full 0):
 PSYoungGen      total 37888K, used 5100K [0x00000000eab00000, 0x00000000ef500000, 0x0000000100000000)
  eden space 32768K, 0% used [0x00000000eab00000,0x00000000eab00000,0x00000000ecb00000)
  from space 5120K, 99% used [0x00000000ecb00000,0x00000000ecffb268,0x00000000ed000000)
  to   space 5120K, 0% used [0x00000000ef000000,0x00000000ef000000,0x00000000ef500000)
 ParOldGen       total 86016K, used 1279K [0x00000000c0000000, 0x00000000c5400000, 0x00000000eab00000)
  object space 86016K, 1% used [0x00000000c0000000,0x00000000c013fe98,0x00000000c5400000)
 Metaspace       used 6080K, capacity 6964K, committed 7040K, reserved 1056768K
  class space    used 602K, capacity 620K, committed 640K, reserved 1048576K
}

Deoptimization events (10 events):
Event: 1.401 Thread 0x0000000056409800 Uncommon trap: reason=class_check action=maybe_recompile pc=0x00000000026bc660 method=com.android.dx.ssa.NormalSsaInsn.accept(Lcom/android/dx/ssa/SsaInsn$Visitor;)V @ 9
Event: 1.562 Thread 0x00000000563fe000 Uncommon trap: reason=null_check action=make_not_entrant pc=0x00000000027269a0 method=com.android.dx.ssa.SsaRenamer.getLocalForNewReg(I)Lcom/android/dx/rop/code/LocalItem; @ 19
Event: 1.730 Thread 0x0000000056402000 Uncommon trap: reason=unstable_if action=reinterpret pc=0x00000000026b9b2c method=java.util.HashMap.getNode(ILjava/lang/Object;)Ljava/util/HashMap$Node; @ 129
Event: 1.806 Thread 0x0000000056402000 Uncommon trap: reason=unstable_if action=reinterpret pc=0x00000000027a4008 method=com.android.dx.ssa.SsaRenamer$BlockRenamer.addMapping(ILcom/android/dx/rop/code/RegisterSpec;)V @ 120
Event: 1.859 Thread 0x0000000056402000 Uncommon trap: reason=null_check action=make_not_entrant pc=0x0000000002785990 method=com.android.dx.rop.type.Type.equals(Ljava/lang/Object;)Z @ 8
Event: 3.162 Thread 0x00000000563fb000 Uncommon trap: reason=bimorphic action=maybe_recompile pc=0x00000000029a6f08 method=com.android.dx.cf.code.BytecodeArray.parseInstruction(ILcom/android/dx/cf/code/BytecodeArray$Visitor;)I @ 1161
Event: 3.163 Thread 0x00000000563fb000 Uncommon trap: reason=bimorphic action=maybe_recompile pc=0x00000000029a6f08 method=com.android.dx.cf.code.BytecodeArray.parseInstruction(ILcom/android/dx/cf/code/BytecodeArray$Visitor;)I @ 1161
Event: 3.297 Thread 0x0000000056402000 Uncommon trap: reason=bimorphic action=maybe_recompile pc=0x00000000029a6e68 method=com.android.dx.cf.code.BytecodeArray.parseInstruction(ILcom/android/dx/cf/code/BytecodeArray$Visitor;)I @ 1130
Event: 3.297 Thread 0x0000000056402000 Uncommon trap: reason=bimorphic action=maybe_recompile pc=0x00000000029a6980 method=com.android.dx.cf.code.BytecodeArray.parseInstruction(ILcom/android/dx/cf/code/BytecodeArray$Visitor;)I @ 907
Event: 3.297 Thread 0x0000000056402000 Uncommon trap: reason=bimorphic action=maybe_recompile pc=0x00000000029a6e68 method=com.android.dx.cf.code.BytecodeArray.parseInstruction(ILcom/android/dx/cf/code/BytecodeArray$Visitor;)I @ 1130

Internal exceptions (4 events):
Event: 0.302 Thread 0x000000000233f000 Exception <a 'java/lang/NoSuchMethodError': Method sun.misc.Unsafe.defineClass(Ljava/lang/String;[BII)Ljava/lang/Class; name or signature does not match> (0x00000000eab13058) thrown at [C:\workspace\8-2-build-windows-amd64-cygwin\jdk8u65\4987\hotspot\src\s`¶*—UÓ?
Event: 0.302 Thread 0x000000000233f000 Exception <a 'java/lang/NoSuchMethodError': Method sun.misc.Unsafe.prefetchRead(Ljava/lang/Object;J)V name or signature does not match> (0x00000000eab13340) thrown at [C:\workspace\8-2-build-windows-amd64-cygwin\jdk8u65\4987\hotspot\src\share\vm\prims\jni."F"éþø?
Event: 1.562 Thread 0x00000000563fe000 Implicit null exception at 0x00000000027251df to 0x0000000002726955
Event: 1.859 Thread 0x0000000056402000 Implicit null exception at 0x0000000002785892 to 0x0000000002785982

Events (10 events):
Event: 3.297 Thread 0x0000000056402000 DEOPT PACKING pc=0x00000000029a6e68 sp=0x0000000056cfeb30
Event: 3.297 Thread 0x0000000056402000 DEOPT UNPACKING pc=0x00000000024a582a sp=0x0000000056cfeab8 mode 2
Event: 3.297 Thread 0x0000000056402000 Uncommon trap: trap_request=0xffffffc6 fr.pc=0x00000000029a6980
Event: 3.297 Thread 0x0000000056402000 DEOPT PACKING pc=0x00000000029a6980 sp=0x0000000056cfeb30
Event: 3.297 Thread 0x0000000056402000 DEOPT UNPACKING pc=0x00000000024a582a sp=0x0000000056cfeab8 mode 2
Event: 3.297 Thread 0x0000000056402000 Uncommon trap: trap_request=0xffffffc6 fr.pc=0x00000000029a6e68
Event: 3.297 Thread 0x0000000056402000 DEOPT PACKING pc=0x00000000029a6e68 sp=0x0000000056cfeb30
Event: 3.297 Thread 0x0000000056402000 DEOPT UNPACKING pc=0x00000000024a582a sp=0x0000000056cfeab8 mode 2
Event: 3.477 loading class com/android/dx/cf/attrib/AttAnnotationDefault
Event: 3.477 loading class com/android/dx/cf/attrib/AttAnnotationDefault done


Dynamic libraries:
0x000000013f590000 - 0x000000013f5c7000 	C:\Program Files\Java\jdk1.8.0_65\bin\java.exe
0x00000000772b0000 - 0x000000007745a000 	C:\Windows\SYSTEM32\ntdll.dll
0x0000000077190000 - 0x00000000772af000 	C:\Windows\system32\kernel32.dll
0x000007fefd060000 - 0x000007fefd0ca000 	C:\Windows\system32\KERNELBASE.dll
0x000007feff2b0000 - 0x000007feff38b000 	C:\Windows\system32\ADVAPI32.dll
0x000007fefd350000 - 0x000007fefd3ef000 	C:\Windows\system32\msvcrt.dll
0x000007fefe350000 - 0x000007fefe36f000 	C:\Windows\SYSTEM32\sechost.dll
0x000007fefeb80000 - 0x000007fefecad000 	C:\Windows\system32\RPCRT4.dll
0x0000000077090000 - 0x000000007718a000 	C:\Windows\system32\USER32.dll
0x000007fefe7e0000 - 0x000007fefe847000 	C:\Windows\system32\GDI32.dll
0x000007fefe850000 - 0x000007fefe85e000 	C:\Windows\system32\LPK.dll
0x000007feff1d0000 - 0x000007feff29a000 	C:\Windows\system32\USP10.dll
0x000007fefb390000 - 0x000007fefb584000 	C:\Windows\WinSxS\amd64_microsoft.windows.common-controls_6595b64144ccf1df_6.0.7601.18837_none_fa3b1e3d17594757\COMCTL32.dll
0x000007fefecb0000 - 0x000007fefed21000 	C:\Windows\system32\SHLWAPI.dll
0x000007fefe860000 - 0x000007fefe88e000 	C:\Windows\system32\IMM32.DLL
0x000007fefe890000 - 0x000007fefe999000 	C:\Windows\system32\MSCTF.dll
0x000007fefcc90000 - 0x000007fefccd0000 	C:\Windows\system32\nvinitx.dll
0x0000000065cf0000 - 0x0000000065dc2000 	C:\Program Files\Java\jdk1.8.0_65\jre\bin\msvcr100.dll
0x0000000069290000 - 0x0000000069b19000 	C:\Program Files\Java\jdk1.8.0_65\jre\bin\server\jvm.dll
0x000007fefb7d0000 - 0x000007fefb7d9000 	C:\Windows\system32\WSOCK32.dll
0x000007fefedb0000 - 0x000007fefedfd000 	C:\Windows\system32\WS2_32.dll
0x000007feff2a0000 - 0x000007feff2a8000 	C:\Windows\system32\NSI.dll
0x000007fefd180000 - 0x000007fefd1bb000 	C:\Windows\system32\WINMM.dll
0x000007fefbc80000 - 0x000007fefbc8c000 	C:\Windows\system32\VERSION.dll
0x0000000077470000 - 0x0000000077477000 	C:\Windows\system32\PSAPI.DLL
0x0000000072de0000 - 0x0000000072def000 	C:\Program Files\Java\jdk1.8.0_65\jre\bin\verify.dll
0x0000000072db0000 - 0x0000000072dd9000 	C:\Program Files\Java\jdk1.8.0_65\jre\bin\java.dll
0x0000000070020000 - 0x0000000070036000 	C:\Program Files\Java\jdk1.8.0_65\jre\bin\zip.dll
0x000007fefd3f0000 - 0x000007fefe17c000 	C:\Windows\system32\SHELL32.dll
0x000007feff3b0000 - 0x000007feff5b3000 	C:\Windows\system32\ole32.dll
0x000007fefcd70000 - 0x000007fefcd7f000 	C:\Windows\system32\profapi.dll

VM Arguments:
jvm_args: -Djava.awt.headless=true -Xmx1024M -Dfile.encoding=GBK -Duser.country=CN -Duser.language=zh -Duser.variant 
java_command: com.android.dx.command.Main --dex --num-threads=4 --output E:\ASProject\News\app\build\intermediates\pre-dexed\debug\org.xutils-xutils_library-3.0.9_9059eafdfc6687aa6542a86f8fcb334208a52cdb.jar E:\ASProject\News\app\build\intermediates\exploded-aar\org.xutils\xutils_library\3.0.9\jars\classes.jar
java_class_path (initial): D:\Android\sdk\build-tools\24.0.1\lib\dx.jar
Launcher Type: SUN_STANDARD

Environment Variables:
JAVA_HOME=C:\Program Files\Java\jdk1.8.0_65
PATH=F:\android-ndk-r10;D:\Android\sdk\tools;D:\Android\sdk\platform-tools;D:\tomcat\apache-tomcat-6.0.39\bin;F:\adt-bundle-windows-x86_64-20140624\adt-bundle-windows-x86_64-20140624\sdk\platform-tools;F:\adt-bundle-windows-x86_64-20140624\adt-bundle-windows-x86_64-20140624\sdk\tools;c:\gtk\bin;C:\Program Files\Java\jdk1.8.0_65\bin;C:\ProgramData\Oracle\Java\javapath;C:\Program Files (x86)\NVIDIA Corporation\PhysX\Common;C:\Windows\system32;C:\Windows;C:\Windows\system32\wbem;C:\Program Files (x86)\Intel\OpenCL SDK\2.0\bin\x86;C:\Program Files (x86)\Intel\OpenCL SDK\2.0\bin\x64;D:\System;C:\temp\bin\win32;D:\Tools\WinNT;D:\MSDev98\Bin;D:\Tools;D:\Microsoft Visual Studio\VC98\bin;C:\Program Files\MySQL\MySQL Server 5.5\bin;D:\Program Files (x86)\VisualSVN Server\bin;D:\Program Files\TortoiseSVN\bin;D:\Program Files\TortoiseGit\bin;F:\android-ndk32-r10-windows-x86_64\android-ndk-r10;D:\Tools\WinNT;D:\MSDev98\Bin;D:\Tools;D:\Microsoft Visual Studio\VC98\bin
USERNAME=acer
OS=Windows_NT
PROCESSOR_IDENTIFIER=Intel64 Family 6 Model 58 Stepping 9, GenuineIntel



---------------  S Y S T E M  ---------------

OS: Windows 7 , 64 bit Build 7601 (6.1.7601.23677)

CPU:total 4 (2 cores per cpu, 2 threads per core) family 6 model 58 stepping 9, cmov, cx8, fxsr, mmx, sse, sse2, sse3, ssse3, sse4.1, sse4.2, popcnt, avx, aes, clmul, erms, ht, tsc, tscinvbit, tscinv

Memory: 4k page, physical 8223084k(1188948k free), swap 10334760k(6716k free)

vm_info: Java HotSpot(TM) 64-Bit Server VM (25.65-b01) for windows-amd64 JRE (1.8.0_65-b17), built on Oct  6 2015 16:39:20 by "java_re" with MS VC++ 10.0 (VS2010)

time: Fri Dec 01 11:33:27 2017
elapsed time: 3 seconds (0d 0h 0m 3s)

