#
# There is insufficient memory for the Java Runtime Environment to continue.
# Native memory allocation (malloc) failed to allocate 116464 bytes for Chunk::new
# Possible reasons:
#   The system is out of physical RAM or swap space
#   In 32 bit mode, the process size limit was hit
# Possible solutions:
#   Reduce memory load on the system
#   Increase physical memory or swap space
#   Check if swap backing store is full
#   Use 64 bit Java on a 64 bit OS
#   Decrease Java heap size (-Xmx/-Xms)
#   Decrease number of Java threads
#   Decrease Java thread stack sizes (-Xss)
#   Set larger code cache with -XX:ReservedCodeCacheSize=
# This output file may be truncated or incomplete.
#
#  Out of Memory Error (allocation.cpp:390), pid=12124, tid=10712
#
# JRE version: Java(TM) SE Runtime Environment (8.0_65-b17) (build 1.8.0_65-b17)
# Java VM: Java HotSpot(TM) 64-Bit Server VM (25.65-b01 mixed mode windows-amd64 compressed oops)
# Failed to write core dump. Minidumps are not enabled by default on client versions of Windows
#

---------------  T H R E A D  ---------------

Current thread (0x000000005502c000):  JavaThread "C2 CompilerThread0" daemon [_thread_in_native, id=10712, stack(0x0000000056b30000,0x0000000056c30000)]

Stack: [0x0000000056b30000,0x0000000056c30000]
[error occurred during error reporting (printing stack bounds), id 0xc0000005]

Native frames: (J=compiled Java code, j=interpreted, Vv=VM code, C=native code)


Current CompileTask:
C2:   9700 1376   !   4       com.android.dx.cf.cst.ConstantPoolParser::parse0 (731 bytes)


---------------  P R O C E S S  ---------------

Java Threads: ( => current thread )
  0x000000005670e800 JavaThread "pool-1-thread-4" [_thread_blocked, id=7492, stack(0x0000000057810000,0x0000000057910000)]
  0x00000000566fe000 JavaThread "pool-1-thread-3" [_thread_blocked, id=9196, stack(0x0000000057590000,0x0000000057690000)]
  0x000000005666d000 JavaThread "pool-1-thread-2" [_thread_blocked, id=12040, stack(0x0000000057440000,0x0000000057540000)]
  0x000000005666a000 JavaThread "pool-2-thread-1" [_thread_blocked, id=7516, stack(0x00000000571c0000,0x00000000572c0000)]
  0x0000000056668000 JavaThread "pool-1-thread-1" [_thread_blocked, id=8684, stack(0x00000000572c0000,0x00000000573c0000)]
  0x0000000056456800 JavaThread "Service Thread" daemon [_thread_blocked, id=7040, stack(0x0000000056f50000,0x0000000057050000)]
  0x00000000563e8800 JavaThread "C1 CompilerThread2" daemon [_thread_blocked, id=11960, stack(0x0000000056d70000,0x0000000056e70000)]
  0x00000000563e4000 JavaThread "C2 CompilerThread1" daemon [_thread_in_native, id=8440, stack(0x0000000056c40000,0x0000000056d40000)]
=>0x000000005502c000 JavaThread "C2 CompilerThread0" daemon [_thread_in_native, id=10712, stack(0x0000000056b30000,0x0000000056c30000)]
  0x00000000563d8800 JavaThread "Attach Listener" daemon [_thread_blocked, id=9380, stack(0x00000000569d0000,0x0000000056ad0000)]
  0x0000000055030800 JavaThread "Signal Dispatcher" daemon [_thread_blocked, id=11724, stack(0x00000000568a0000,0x00000000569a0000)]
  0x0000000054fd2000 JavaThread "Finalizer" daemon [_thread_blocked, id=9448, stack(0x0000000055fe0000,0x00000000560e0000)]
  0x0000000054fd0800 JavaThread "Reference Handler" daemon [_thread_blocked, id=11700, stack(0x00000000562d0000,0x00000000563d0000)]
  0x000000000237f000 JavaThread "main" [_thread_blocked, id=11252, stack(0x0000000002590000,0x0000000002690000)]

Other Threads:
  0x0000000054fcb000 VMThread [stack: 0x00000000560f0000,0x00000000561f0000] [id=7048]
  0x00000000564b1800 WatcherThread [stack: 0x0000000057060000,0x0000000057160000] [id=640]

VM state:at safepoint (normal execution)

VM Mutex/Monitor currently owned by a thread:  ([mutex/lock_event])
[0x000000000237ca90] Threads_lock - owner thread: 0x0000000054fcb000
[0x000000000237cf90] Heap_lock - owner thread: 0x00000000563e8800
[0x000000000237d510] MethodData_lock - owner thread: 0x00000000563e8800

Heap:
 PSYoungGen      total 37888K, used 19184K [0x00000000eab00000, 0x00000000ef500000, 0x0000000100000000)
  eden space 32768K, 43% used [0x00000000eab00000,0x00000000eb8c37b0,0x00000000ecb00000)
  from space 5120K, 99% used [0x00000000ecb00000,0x00000000ecff8ac8,0x00000000ed000000)
  to   space 5120K, 99% used [0x00000000ef000000,0x00000000ef4f8ac8,0x00000000ef500000)
 ParOldGen       total 86016K, used 2929K [0x00000000c0000000, 0x00000000c5400000, 0x00000000eab00000)
  object space 86016K, 3% used [0x00000000c0000000,0x00000000c02dc780,0x00000000c5400000)
 Metaspace       used 6120K, capacity 6966K, committed 7040K, reserved 1060864K
  class space    used 603K, capacity 622K, committed 640K, reserved 1048576K

Card table byte_map: [0x0000000011a50000,0x0000000011c60000] byte_map_base: 0x0000000011450000

Marking Bits: (ParMarkBitMap*) 0x0000000069a9a5b0
 Begin Bits: [0x0000000012440000, 0x0000000013440000)
 End Bits:   [0x0000000013440000, 0x0000000014440000)

Polling page: 0x0000000000140000

CodeCache: size=245760Kb used=5631Kb max_used=5631Kb free=240128Kb
 bounds [0x0000000002690000, 0x0000000002c20000, 0x0000000011690000]
 total_blobs=1676 nmethods=1405 adapters=184
 compilation: enabled

Compilation events (10 events):
Event: 9.655 Thread 0x00000000563e8800 1394  s    3       com.android.dx.dex.file.TypeIdsSection::intern (60 bytes)
Event: 9.656 Thread 0x00000000563e8800 nmethod 1394 0x0000000002c08d90 code [0x0000000002c08fa0, 0x0000000002c09c28]
Event: 9.656 Thread 0x00000000563e8800 1395       3       com.android.dx.cf.code.ConcreteMethod::getMaxStack (8 bytes)
Event: 9.656 Thread 0x00000000563e8800 nmethod 1395 0x0000000002c0d850 code [0x0000000002c0d9a0, 0x0000000002c0db90]
Event: 9.658 Thread 0x00000000563e8800 1396       3       com.android.dx.rop.code.AccessFlags::isNative (14 bytes)
Event: 9.658 Thread 0x00000000563e8800 nmethod 1396 0x0000000002c080d0 code [0x0000000002c08220, 0x0000000002c083b0]
Event: 9.658 Thread 0x00000000563e8800 1397       3       com.android.dx.rop.code.AccessFlags::isAbstract (14 bytes)
Event: 9.659 Thread 0x00000000563e8800 nmethod 1397 0x0000000002c0d4d0 code [0x0000000002c0d620, 0x0000000002c0d7b0]
Event: 9.659 Thread 0x00000000563e8800 1398       3       com.android.dx.ssa.NormalSsaInsn::isMoveException (20 bytes)
Event: 9.659 Thread 0x00000000563e8800 nmethod 1398 0x0000000002c0cf90 code [0x0000000002c0d100, 0x0000000002c0d3f0]

GC Heap History (2 events):
Event: 8.458 GC heap before
{Heap before GC invocations=1 (full 0):
 PSYoungGen      total 37888K, used 32768K [0x00000000eab00000, 0x00000000ed500000, 0x0000000100000000)
  eden space 32768K, 100% used [0x00000000eab00000,0x00000000ecb00000,0x00000000ecb00000)
  from space 5120K, 0% used [0x00000000ed000000,0x00000000ed000000,0x00000000ed500000)
  to   space 5120K, 0% used [0x00000000ecb00000,0x00000000ecb00000,0x00000000ed000000)
 ParOldGen       total 86016K, used 0K [0x00000000c0000000, 0x00000000c5400000, 0x00000000eab00000)
  object space 86016K, 0% used [0x00000000c0000000,0x00000000c0000000,0x00000000c5400000)
 Metaspace       used 6044K, capacity 6966K, committed 7040K, reserved 1056768K
  class space    used 602K, capacity 622K, committed 640K, reserved 1048576K
Event: 8.662 GC heap after
Heap after GC invocations=1 (full 0):
 PSYoungGen      total 37888K, used 5090K [0x00000000eab00000, 0x00000000ef500000, 0x0000000100000000)
  eden space 32768K, 0% used [0x00000000eab00000,0x00000000eab00000,0x00000000ecb00000)
  from space 5120K, 99% used [0x00000000ecb00000,0x00000000ecff8ac8,0x00000000ed000000)
  to   space 5120K, 0% used [0x00000000ef000000,0x00000000ef000000,0x00000000ef500000)
 ParOldGen       total 86016K, used 1441K [0x00000000c0000000, 0x00000000c5400000, 0x00000000eab00000)
  object space 86016K, 1% used [0x00000000c0000000,0x00000000c0168780,0x00000000c5400000)
 Metaspace       used 6044K, capacity 6966K, committed 7040K, reserved 1056768K
  class space    used 602K, capacity 622K, committed 640K, reserved 1048576K
}

Deoptimization events (5 events):
Event: 7.458 Thread 0x000000005670e800 Uncommon trap: reason=unstable_if action=reinterpret pc=0x000000000288fc68 method=java.util.HashMap.getNode(ILjava/lang/Object;)Ljava/util/HashMap$Node; @ 62
Event: 7.552 Thread 0x000000005666d000 Uncommon trap: reason=unstable_if action=reinterpret pc=0x00000000028d1160 method=java.util.BitSet.nextSetBit(I)I @ 87
Event: 7.766 Thread 0x00000000566fe000 Uncommon trap: reason=unstable_if action=reinterpret pc=0x000000000296dd9c method=com.android.dx.rop.code.RegisterSpecSet.put(Lcom/android/dx/rop/code/RegisterSpec;)V @ 77
Event: 8.239 Thread 0x000000005666d000 Uncommon trap: reason=null_check action=make_not_entrant pc=0x00000000029c7500 method=com.android.dx.ssa.SsaRenamer.getLocalForNewReg(I)Lcom/android/dx/rop/code/LocalItem; @ 19
Event: 8.686 Thread 0x000000005670e800 Uncommon trap: reason=unstable_if action=reinterpret pc=0x0000000002a765c4 method=com.android.dx.ssa.SsaRenamer$BlockRenamer.addMapping(ILcom/android/dx/rop/code/RegisterSpec;)V @ 120

Internal exceptions (3 events):
Event: 0.224 Thread 0x000000000237f000 Exception <a 'java/lang/NoSuchMethodError': Method sun.misc.Unsafe.defineClass(Ljava/lang/String;[BII)Ljava/lang/Class; name or signature does not match> (0x00000000eab13058) thrown at [C:\workspace\8-2-build-windows-amd64-cygwin\jdk8u65\4987\hotspot\src\s÷ùå[•Ã?
Event: 0.224 Thread 0x000000000237f000 Exception <a 'java/lang/NoSuchMethodError': Method sun.misc.Unsafe.prefetchRead(Ljava/lang/Object;J)V name or signature does not match> (0x00000000eab13340) thrown at [C:\workspace\8-2-build-windows-amd64-cygwin\jdk8u65\4987\hotspot\src\share\vm\prims\jni.∏$slz @
Event: 8.239 Thread 0x000000005666d000 Implicit null exception at 0x00000000029c5d58 to 0x00000000029c74b9

Events (10 events):
Event: 8.438 loading class com/android/dx/cf/attrib/AttAnnotationDefault done
Event: 8.453 Executing VM operation: ForceSafepoint
Event: 8.454 Executing VM operation: ForceSafepoint done
Event: 8.457 Executing VM operation: ParallelGCFailedAllocation
Event: 8.662 Executing VM operation: ParallelGCFailedAllocation done
Event: 8.686 Thread 0x000000005670e800 Uncommon trap: trap_request=0xffffff65 fr.pc=0x0000000002a765c4
Event: 8.686 Thread 0x000000005670e800 DEOPT PACKING pc=0x0000000002a765c4 sp=0x000000005790e2d0
Event: 8.686 Thread 0x000000005670e800 DEOPT UNPACKING pc=0x00000000026d582a sp=0x000000005790e260 mode 2
Event: 9.612 loading class com/android/dx/rop/code/RegisterSpec$1
Event: 9.612 loading class com/android/dx/rop/code/RegisterSpec$1 done


Dynamic libraries:
0x000000013f590000 - 0x000000013f5c7000 	C:\Program Files\Java\jdk1.8.0_65\bin\java.exe
0x00000000772b0000 - 0x000000007745a000 	C:\Windows\SYSTEM32\ntdll.dll
0x0000000077190000 - 0x00000000772af000 	C:\Windows\system32\kernel32.dll
0x000007fefd060000 - 0x000007fefd0ca000 	C:\Windows\system32\KERNELBASE.dll
0x000007feff2b0000 - 0x000007feff38b000 	C:\Windows\system32\ADVAPI32.dll
0x000007fefd350000 - 0x000007fefd3ef000 	C:\Windows\system32\msvcrt.dll
0x000007fefe350000 - 0x000007fefe36f000 	C:\Windows\SYSTEM32\sechost.dll
0x000007fefeb80000 - 0x000007fefecad000 	C:\Windows\system32\RPCRT4.dll
0x0000000077090000 - 0x000000007718a000 	C:\Windows\system32\USER32.dll
0x000007fefe7e0000 - 0x000007fefe847000 	C:\Windows\system32\GDI32.dll
0x000007fefe850000 - 0x000007fefe85e000 	C:\Windows\system32\LPK.dll
0x000007feff1d0000 - 0x000007feff29a000 	C:\Windows\system32\USP10.dll
0x000007fefb390000 - 0x000007fefb584000 	C:\Windows\WinSxS\amd64_microsoft.windows.common-controls_6595b64144ccf1df_6.0.7601.18837_none_fa3b1e3d17594757\COMCTL32.dll
0x000007fefecb0000 - 0x000007fefed21000 	C:\Windows\system32\SHLWAPI.dll
0x000007fefe860000 - 0x000007fefe88e000 	C:\Windows\system32\IMM32.DLL
0x000007fefe890000 - 0x000007fefe999000 	C:\Windows\system32\MSCTF.dll
0x000007fefcc90000 - 0x000007fefccd0000 	C:\Windows\system32\nvinitx.dll
0x0000000065cf0000 - 0x0000000065dc2000 	C:\Program Files\Java\jdk1.8.0_65\jre\bin\msvcr100.dll
0x0000000069290000 - 0x0000000069b19000 	C:\Program Files\Java\jdk1.8.0_65\jre\bin\server\jvm.dll
0x000007fefb7d0000 - 0x000007fefb7d9000 	C:\Windows\system32\WSOCK32.dll
0x000007fefedb0000 - 0x000007fefedfd000 	C:\Windows\system32\WS2_32.dll
0x000007feff2a0000 - 0x000007feff2a8000 	C:\Windows\system32\NSI.dll
0x000007fefd180000 - 0x000007fefd1bb000 	C:\Windows\system32\WINMM.dll
0x000007fefbc80000 - 0x000007fefbc8c000 	C:\Windows\system32\VERSION.dll
0x0000000077470000 - 0x0000000077477000 	C:\Windows\system32\PSAPI.DLL
0x0000000072de0000 - 0x0000000072def000 	C:\Program Files\Java\jdk1.8.0_65\jre\bin\verify.dll
0x0000000072db0000 - 0x0000000072dd9000 	C:\Program Files\Java\jdk1.8.0_65\jre\bin\java.dll
0x0000000070020000 - 0x0000000070036000 	C:\Program Files\Java\jdk1.8.0_65\jre\bin\zip.dll
0x000007fefd3f0000 - 0x000007fefe17c000 	C:\Windows\system32\SHELL32.dll
0x000007feff3b0000 - 0x000007feff5b3000 	C:\Windows\system32\ole32.dll
0x000007fefcd70000 - 0x000007fefcd7f000 	C:\Windows\system32\profapi.dll

VM Arguments:
jvm_args: -Djava.awt.headless=true -Xmx1024M -Dfile.encoding=GBK -Duser.country=CN -Duser.language=zh -Duser.variant 
java_command: com.android.dx.command.Main --dex --num-threads=4 --output E:\ASProject\News\app\build\intermediates\pre-dexed\debug\gson-2.2.4_031e4eed0e411aae26245edfb9a1fa3f1ad59058.jar C:\Users\acer\.gradle\caches\modules-2\files-2.1\com.google.code.gson\gson\2.2.4\a60a5e993c98c864010053cb901b7eab25306568\gson-2.2.4.jar
java_class_path (initial): D:\Android\sdk\build-tools\24.0.1\lib\dx.jar
Launcher Type: SUN_STANDARD

Environment Variables:
JAVA_HOME=C:\Program Files\Java\jdk1.8.0_65
PATH=F:\android-ndk-r10;D:\Android\sdk\tools;D:\Android\sdk\platform-tools;D:\tomcat\apache-tomcat-6.0.39\bin;F:\adt-bundle-windows-x86_64-20140624\adt-bundle-windows-x86_64-20140624\sdk\platform-tools;F:\adt-bundle-windows-x86_64-20140624\adt-bundle-windows-x86_64-20140624\sdk\tools;c:\gtk\bin;C:\Program Files\Java\jdk1.8.0_65\bin;C:\ProgramData\Oracle\Java\javapath;C:\Program Files (x86)\NVIDIA Corporation\PhysX\Common;C:\Windows\system32;C:\Windows;C:\Windows\system32\wbem;C:\Program Files (x86)\Intel\OpenCL SDK\2.0\bin\x86;C:\Program Files (x86)\Intel\OpenCL SDK\2.0\bin\x64;D:\System;C:\temp\bin\win32;D:\Tools\WinNT;D:\MSDev98\Bin;D:\Tools;D:\Microsoft Visual Studio\VC98\bin;C:\Program Files\MySQL\MySQL Server 5.5\bin;D:\Program Files (x86)\VisualSVN Server\bin;D:\Program Files\TortoiseSVN\bin;D:\Program Files\TortoiseGit\bin;F:\android-ndk32-r10-windows-x86_64\android-ndk-r10;D:\Tools\WinNT;D:\MSDev98\Bin;D:\Tools;D:\Microsoft Visual Studio\VC98\bin
USERNAME=acer
OS=Windows_NT
PROCESSOR_IDENTIFIER=Intel64 Family 6 Model 58 Stepping 9, GenuineIntel



---------------  S Y S T E M  ---------------

OS: Windows 7 , 64 bit Build 7601 (6.1.7601.23677)

CPU:total 4 (2 cores per cpu, 2 threads per core) family 6 model 58 stepping 9, cmov, cx8, fxsr, mmx, sse, sse2, sse3, ssse3, sse4.1, sse4.2, popcnt, avx, aes, clmul, erms, ht, tsc, tscinvbit, tscinv

Memory: 4k page, physical 8223084k(1172744k free), swap 10334760k(50144k free)

vm_info: Java HotSpot(TM) 64-Bit Server VM (25.65-b01) for windows-amd64 JRE (1.8.0_65-b17), built on Oct  6 2015 16:39:20 by "java_re" with MS VC++ 10.0 (VS2010)

time: Fri Dec 01 11:33:18 2017
elapsed time: 9 seconds (0d 0h 0m 9s)

