#
# There is insufficient memory for the Java Runtime Environment to continue.
# Native memory allocation (malloc) failed to allocate 32744 bytes for ChunkPool::allocate
# Possible reasons:
#   The system is out of physical RAM or swap space
#   In 32 bit mode, the process size limit was hit
# Possible solutions:
#   Reduce memory load on the system
#   Increase physical memory or swap space
#   Check if swap backing store is full
#   Use 64 bit Java on a 64 bit OS
#   Decrease Java heap size (-Xmx/-Xms)
#   Decrease number of Java threads
#   Decrease Java thread stack sizes (-Xss)
#   Set larger code cache with -XX:ReservedCodeCacheSize=
# This output file may be truncated or incomplete.
#
#  Out of Memory Error (allocation.cpp:273), pid=11720, tid=9312
#
# JRE version: Java(TM) SE Runtime Environment (8.0_65-b17) (build 1.8.0_65-b17)
# Java VM: Java HotSpot(TM) 64-Bit Server VM (25.65-b01 mixed mode windows-amd64 compressed oops)
# Failed to write core dump. Minidumps are not enabled by default on client versions of Windows
#

---------------  T H R E A D  ---------------

Current thread (0x0000000056296000):  JavaThread "C2 CompilerThread0" daemon [_thread_in_vm, id=9312, stack(0x00000000568e0000,0x00000000569e0000)]

Stack: [0x00000000568e0000,0x00000000569e0000]
[error occurred during error reporting (printing stack bounds), id 0xc0000005]

Native frames: (J=compiled Java code, j=interpreted, Vv=VM code, C=native code)


Current CompileTask:
C2:   9567 1280   !   4       com.android.dx.cf.code.BytecodeArray::parseInstruction (2764 bytes)


---------------  P R O C E S S  ---------------

Java Threads: ( => current thread )
  0x00000000565da800 JavaThread "pool-1-thread-4" [_thread_in_Java, id=9792, stack(0x0000000057c40000,0x0000000057d40000)]
  0x00000000565d7800 JavaThread "pool-1-thread-3" [_thread_in_vm, id=6308, stack(0x00000000579c0000,0x0000000057ac0000)]
  0x00000000565ce800 JavaThread "pool-1-thread-2" [_thread_blocked, id=3944, stack(0x00000000578c0000,0x00000000579c0000)]
  0x00000000565cb800 JavaThread "pool-2-thread-1" [_thread_blocked, id=6996, stack(0x00000000577b0000,0x00000000578b0000)]
  0x00000000565c9800 JavaThread "pool-1-thread-1" [_thread_in_vm, id=6572, stack(0x00000000567d0000,0x00000000568d0000)]
  0x000000005632a000 JavaThread "Service Thread" daemon [_thread_blocked, id=11948, stack(0x0000000056ce0000,0x0000000056de0000)]
  0x000000005629c000 JavaThread "C1 CompilerThread2" daemon [_thread_in_native, id=11336, stack(0x0000000056a30000,0x0000000056b30000)]
  0x000000005629b800 JavaThread "C2 CompilerThread1" daemon [_thread_in_native, id=8456, stack(0x0000000056b60000,0x0000000056c60000)]
=>0x0000000056296000 JavaThread "C2 CompilerThread0" daemon [_thread_in_vm, id=9312, stack(0x00000000568e0000,0x00000000569e0000)]
  0x0000000056288800 JavaThread "Attach Listener" daemon [_thread_blocked, id=11128, stack(0x00000000566d0000,0x00000000567d0000)]
  0x0000000054d7f000 JavaThread "Signal Dispatcher" daemon [_thread_blocked, id=6240, stack(0x0000000056060000,0x0000000056160000)]
  0x0000000054d12000 JavaThread "Finalizer" daemon [_thread_blocked, id=6152, stack(0x0000000056180000,0x0000000056280000)]
  0x0000000054d10800 JavaThread "Reference Handler" daemon [_thread_blocked, id=9696, stack(0x0000000055d80000,0x0000000055e80000)]
  0x0000000001dff000 JavaThread "main" [_thread_blocked, id=9760, stack(0x0000000002630000,0x0000000002730000)]

Other Threads:
  0x0000000054d0b000 VMThread [stack: 0x0000000055f30000,0x0000000056030000] [id=6684]
  0x000000005635c000 WatcherThread [stack: 0x0000000056e00000,0x0000000056f00000] [id=9888]

VM state:not at safepoint (normal execution)

VM Mutex/Monitor currently owned by a thread: None

Heap:
 PSYoungGen      total 37888K, used 37116K [0x00000000eab00000, 0x00000000ef500000, 0x0000000100000000)
  eden space 32768K, 97% used [0x00000000eab00000,0x00000000eca577c0,0x00000000ecb00000)
  from space 5120K, 98% used [0x00000000ecb00000,0x00000000ecfe7b50,0x00000000ed000000)
  to   space 5120K, 0% used [0x00000000ef000000,0x00000000ef000000,0x00000000ef500000)
 ParOldGen       total 86016K, used 0K [0x00000000c0000000, 0x00000000c5400000, 0x00000000eab00000)
  object space 86016K, 0% used [0x00000000c0000000,0x00000000c0000000,0x00000000c5400000)
 Metaspace       used 6117K, capacity 6966K, committed 7040K, reserved 1056768K
  class space    used 607K, capacity 622K, committed 640K, reserved 1048576K

Card table byte_map: [0x0000000011af0000,0x0000000011d00000] byte_map_base: 0x00000000114f0000

Marking Bits: (ParMarkBitMap*) 0x0000000069a9a5b0
 Begin Bits: [0x0000000012180000, 0x0000000013180000)
 End Bits:   [0x0000000013180000, 0x0000000014180000)

Polling page: 0x0000000000340000

CodeCache: size=245760Kb used=5051Kb max_used=5062Kb free=240708Kb
 bounds [0x0000000002730000, 0x0000000002c30000, 0x0000000011730000]
 total_blobs=1598 nmethods=1327 adapters=184
 compilation: enabled

Compilation events (10 events):
Event: 9.420 Thread 0x000000005629c000 nmethod 1334 0x0000000002c19250 code [0x0000000002c193c0, 0x0000000002c19568]
Event: 9.420 Thread 0x000000005629c000 1335       3       java.util.TreeMap::<init> (20 bytes)
Event: 9.420 Thread 0x000000005629c000 nmethod 1335 0x0000000002c17cd0 code [0x0000000002c17e40, 0x0000000002c18070]
Event: 9.423 Thread 0x0000000056296000 nmethod 1322 0x0000000002bfd310 code [0x0000000002bfd460, 0x0000000002bfd6b8]
Event: 9.423 Thread 0x0000000056296000 1332       4       java.lang.String::getChars (62 bytes)
Event: 9.425 Thread 0x0000000056296000 nmethod 1332 0x0000000002bfced0 code [0x0000000002bfd020, 0x0000000002bfd178]
Event: 9.425 Thread 0x0000000056296000 1280   !   4       com.android.dx.cf.code.BytecodeArray::parseInstruction (2764 bytes)
Event: 9.447 Thread 0x000000005629c000 1338       1       com.android.dx.cf.attrib.InnerClassList$Item::getOuterClass (5 bytes)
Event: 9.447 Thread 0x000000005629c000 nmethod 1338 0x0000000002c17a10 code [0x0000000002c17b60, 0x0000000002c17c70]
Event: 9.447 Thread 0x000000005629c000 1339       3       com.android.dx.dex.file.EncodedMember::<init> (10 bytes)

GC Heap History (2 events):
Event: 8.780 GC heap before
{Heap before GC invocations=1 (full 0):
 PSYoungGen      total 37888K, used 32768K [0x00000000eab00000, 0x00000000ed500000, 0x0000000100000000)
  eden space 32768K, 100% used [0x00000000eab00000,0x00000000ecb00000,0x00000000ecb00000)
  from space 5120K, 0% used [0x00000000ed000000,0x00000000ed000000,0x00000000ed500000)
  to   space 5120K, 0% used [0x00000000ecb00000,0x00000000ecb00000,0x00000000ed000000)
 ParOldGen       total 86016K, used 0K [0x00000000c0000000, 0x00000000c5400000, 0x00000000eab00000)
  object space 86016K, 0% used [0x00000000c0000000,0x00000000c0000000,0x00000000c5400000)
 Metaspace       used 5956K, capacity 6836K, committed 7040K, reserved 1056768K
  class space    used 605K, capacity 620K, committed 640K, reserved 1048576K
Event: 8.927 GC heap after
Heap after GC invocations=1 (full 0):
 PSYoungGen      total 37888K, used 5022K [0x00000000eab00000, 0x00000000ef500000, 0x0000000100000000)
  eden space 32768K, 0% used [0x00000000eab00000,0x00000000eab00000,0x00000000ecb00000)
  from space 5120K, 98% used [0x00000000ecb00000,0x00000000ecfe7b50,0x00000000ed000000)
  to   space 5120K, 0% used [0x00000000ef000000,0x00000000ef000000,0x00000000ef500000)
 ParOldGen       total 86016K, used 0K [0x00000000c0000000, 0x00000000c5400000, 0x00000000eab00000)
  object space 86016K, 0% used [0x00000000c0000000,0x00000000c0000000,0x00000000c5400000)
 Metaspace       used 5956K, capacity 6836K, committed 7040K, reserved 1056768K
  class space    used 605K, capacity 620K, committed 640K, reserved 1048576K
}

Deoptimization events (10 events):
Event: 7.402 Thread 0x00000000565d7800 Uncommon trap: reason=unstable_if action=reinterpret pc=0x00000000029657b8 method=java.util.HashMap.getNode(ILjava/lang/Object;)Ljava/util/HashMap$Node; @ 129
Event: 8.969 Thread 0x00000000565ce800 Uncommon trap: reason=unstable_if action=reinterpret pc=0x0000000002963ca0 method=java.util.BitSet.nextSetBit(I)I @ 87
Event: 9.128 Thread 0x00000000565d7800 Uncommon trap: reason=unstable_if action=reinterpret pc=0x0000000002b541a8 method=com.android.dx.cf.code.Ropper.labelToResultIndex(I)I @ 34
Event: 9.128 Thread 0x00000000565d7800 Uncommon trap: reason=class_check action=maybe_recompile pc=0x0000000002a2b9ac method=com.android.dx.rop.type.Type.equals(Ljava/lang/Object;)Z @ 8
Event: 9.128 Thread 0x00000000565d7800 Uncommon trap: reason=class_check action=maybe_recompile pc=0x0000000002a2b9ac method=com.android.dx.rop.type.Type.equals(Ljava/lang/Object;)Z @ 8
Event: 9.128 Thread 0x00000000565d7800 Uncommon trap: reason=class_check action=maybe_recompile pc=0x0000000002a2b9ac method=com.android.dx.rop.type.Type.equals(Ljava/lang/Object;)Z @ 8
Event: 9.130 Thread 0x00000000565d7800 Uncommon trap: reason=class_check action=maybe_recompile pc=0x0000000002a2b9ac method=com.android.dx.rop.type.Type.equals(Ljava/lang/Object;)Z @ 8
Event: 9.137 Thread 0x00000000565d7800 Uncommon trap: reason=class_check action=maybe_recompile pc=0x000000000298645c method=com.android.dx.rop.type.Type.equals(Ljava/lang/Object;)Z @ 8
Event: 9.137 Thread 0x00000000565d7800 Uncommon trap: reason=class_check action=maybe_recompile pc=0x0000000002b4be14 method=com.android.dx.rop.type.Type.equals(Ljava/lang/Object;)Z @ 8
Event: 9.278 Thread 0x00000000565ce800 Uncommon trap: reason=unstable_if action=reinterpret pc=0x0000000002970cc4 method=com.android.dx.rop.cst.Constant.compareTo(Lcom/android/dx/rop/cst/Constant;)I @ 12

Internal exceptions (2 events):
Event: 0.119 Thread 0x0000000001dff000 Exception <a 'java/lang/NoSuchMethodError': Method sun.misc.Unsafe.defineClass(Ljava/lang/String;[BII)Ljava/lang/Class; name or signature does not match> (0x00000000eab13058) thrown at [C:\workspace\8-2-build-windows-amd64-cygwin\jdk8u65\4987\hotspot\src\s…<Ü=$óæ?
Event: 0.119 Thread 0x0000000001dff000 Exception <a 'java/lang/NoSuchMethodError': Method sun.misc.Unsafe.prefetchRead(Ljava/lang/Object;J)V name or signature does not match> (0x00000000eab13340) thrown at [C:\workspace\8-2-build-windows-amd64-cygwin\jdk8u65\4987\hotspot\src\share\vm\prims\jni.

Events (10 events):
Event: 9.130 Thread 0x00000000565d7800 DEOPT UNPACKING pc=0x000000000277582a sp=0x0000000057abe978 mode 2
Event: 9.137 Thread 0x00000000565d7800 Uncommon trap: trap_request=0xffffffde fr.pc=0x000000000298645c
Event: 9.137 Thread 0x00000000565d7800 DEOPT PACKING pc=0x000000000298645c sp=0x0000000057abe300
Event: 9.137 Thread 0x00000000565d7800 DEOPT UNPACKING pc=0x000000000277582a sp=0x0000000057abe0e0 mode 2
Event: 9.137 Thread 0x00000000565d7800 Uncommon trap: trap_request=0xffffffde fr.pc=0x0000000002b4be14
Event: 9.137 Thread 0x00000000565d7800 DEOPT PACKING pc=0x0000000002b4be14 sp=0x0000000057abe0c0
Event: 9.137 Thread 0x00000000565d7800 DEOPT UNPACKING pc=0x000000000277582a sp=0x0000000057abdf30 mode 2
Event: 9.278 Thread 0x00000000565ce800 Uncommon trap: trap_request=0xffffff65 fr.pc=0x0000000002970cc4
Event: 9.278 Thread 0x00000000565ce800 DEOPT PACKING pc=0x0000000002970cc4 sp=0x00000000579beb80
Event: 9.278 Thread 0x00000000565ce800 DEOPT UNPACKING pc=0x000000000277582a sp=0x00000000579beb20 mode 2


Dynamic libraries:
0x000000013f590000 - 0x000000013f5c7000 	C:\Program Files\Java\jdk1.8.0_65\bin\java.exe
0x00000000772b0000 - 0x000000007745a000 	C:\Windows\SYSTEM32\ntdll.dll
0x0000000077190000 - 0x00000000772af000 	C:\Windows\system32\kernel32.dll
0x000007fefd060000 - 0x000007fefd0ca000 	C:\Windows\system32\KERNELBASE.dll
0x000007feff2b0000 - 0x000007feff38b000 	C:\Windows\system32\ADVAPI32.dll
0x000007fefd350000 - 0x000007fefd3ef000 	C:\Windows\system32\msvcrt.dll
0x000007fefe350000 - 0x000007fefe36f000 	C:\Windows\SYSTEM32\sechost.dll
0x000007fefeb80000 - 0x000007fefecad000 	C:\Windows\system32\RPCRT4.dll
0x0000000077090000 - 0x000000007718a000 	C:\Windows\system32\USER32.dll
0x000007fefe7e0000 - 0x000007fefe847000 	C:\Windows\system32\GDI32.dll
0x000007fefe850000 - 0x000007fefe85e000 	C:\Windows\system32\LPK.dll
0x000007feff1d0000 - 0x000007feff29a000 	C:\Windows\system32\USP10.dll
0x000007fefb390000 - 0x000007fefb584000 	C:\Windows\WinSxS\amd64_microsoft.windows.common-controls_6595b64144ccf1df_6.0.7601.18837_none_fa3b1e3d17594757\COMCTL32.dll
0x000007fefecb0000 - 0x000007fefed21000 	C:\Windows\system32\SHLWAPI.dll
0x000007fefe860000 - 0x000007fefe88e000 	C:\Windows\system32\IMM32.DLL
0x000007fefe890000 - 0x000007fefe999000 	C:\Windows\system32\MSCTF.dll
0x000007fefcc90000 - 0x000007fefccd0000 	C:\Windows\system32\nvinitx.dll
0x0000000065cf0000 - 0x0000000065dc2000 	C:\Program Files\Java\jdk1.8.0_65\jre\bin\msvcr100.dll
0x0000000069290000 - 0x0000000069b19000 	C:\Program Files\Java\jdk1.8.0_65\jre\bin\server\jvm.dll
0x000007fefb7d0000 - 0x000007fefb7d9000 	C:\Windows\system32\WSOCK32.dll
0x000007fefedb0000 - 0x000007fefedfd000 	C:\Windows\system32\WS2_32.dll
0x000007feff2a0000 - 0x000007feff2a8000 	C:\Windows\system32\NSI.dll
0x000007fefd180000 - 0x000007fefd1bb000 	C:\Windows\system32\WINMM.dll
0x000007fefbc80000 - 0x000007fefbc8c000 	C:\Windows\system32\VERSION.dll
0x0000000077470000 - 0x0000000077477000 	C:\Windows\system32\PSAPI.DLL
0x0000000072de0000 - 0x0000000072def000 	C:\Program Files\Java\jdk1.8.0_65\jre\bin\verify.dll
0x0000000072db0000 - 0x0000000072dd9000 	C:\Program Files\Java\jdk1.8.0_65\jre\bin\java.dll
0x0000000070020000 - 0x0000000070036000 	C:\Program Files\Java\jdk1.8.0_65\jre\bin\zip.dll
0x000007fefd3f0000 - 0x000007fefe17c000 	C:\Windows\system32\SHELL32.dll
0x000007feff3b0000 - 0x000007feff5b3000 	C:\Windows\system32\ole32.dll
0x000007fefcd70000 - 0x000007fefcd7f000 	C:\Windows\system32\profapi.dll

VM Arguments:
jvm_args: -Djava.awt.headless=true -Xmx1024M -Dfile.encoding=GBK -Duser.country=CN -Duser.language=zh -Duser.variant 
java_command: com.android.dx.command.Main --dex --num-threads=4 --output E:\ASProject\News\app\build\intermediates\pre-dexed\debug\com.android.support-support-v4-23.4.0_f928ec9166c05cbf51f4c8437ca1c22de6f47ff6.jar E:\ASProject\News\app\build\intermediates\exploded-aar\com.android.support\support-v4\23.4.0\jars\classes.jar
java_class_path (initial): D:\Android\sdk\build-tools\24.0.1\lib\dx.jar
Launcher Type: SUN_STANDARD

Environment Variables:
JAVA_HOME=C:\Program Files\Java\jdk1.8.0_65
PATH=F:\android-ndk-r10;D:\Android\sdk\tools;D:\Android\sdk\platform-tools;D:\tomcat\apache-tomcat-6.0.39\bin;F:\adt-bundle-windows-x86_64-20140624\adt-bundle-windows-x86_64-20140624\sdk\platform-tools;F:\adt-bundle-windows-x86_64-20140624\adt-bundle-windows-x86_64-20140624\sdk\tools;c:\gtk\bin;C:\Program Files\Java\jdk1.8.0_65\bin;C:\ProgramData\Oracle\Java\javapath;C:\Program Files (x86)\NVIDIA Corporation\PhysX\Common;C:\Windows\system32;C:\Windows;C:\Windows\system32\wbem;C:\Program Files (x86)\Intel\OpenCL SDK\2.0\bin\x86;C:\Program Files (x86)\Intel\OpenCL SDK\2.0\bin\x64;D:\System;C:\temp\bin\win32;D:\Tools\WinNT;D:\MSDev98\Bin;D:\Tools;D:\Microsoft Visual Studio\VC98\bin;C:\Program Files\MySQL\MySQL Server 5.5\bin;D:\Program Files (x86)\VisualSVN Server\bin;D:\Program Files\TortoiseSVN\bin;D:\Program Files\TortoiseGit\bin;F:\android-ndk32-r10-windows-x86_64\android-ndk-r10;D:\Tools\WinNT;D:\MSDev98\Bin;D:\Tools;D:\Microsoft Visual Studio\VC98\bin
USERNAME=acer
OS=Windows_NT
PROCESSOR_IDENTIFIER=Intel64 Family 6 Model 58 Stepping 9, GenuineIntel



---------------  S Y S T E M  ---------------

OS: Windows 7 , 64 bit Build 7601 (6.1.7601.23677)

CPU:total 4 (2 cores per cpu, 2 threads per core) family 6 model 58 stepping 9, cmov, cx8, fxsr, mmx, sse, sse2, sse3, ssse3, sse4.1, sse4.2, popcnt, avx, aes, clmul, erms, ht, tsc, tscinvbit, tscinv

Memory: 4k page, physical 8223084k(1172744k free), swap 10334760k(50136k free)

vm_info: Java HotSpot(TM) 64-Bit Server VM (25.65-b01) for windows-amd64 JRE (1.8.0_65-b17), built on Oct  6 2015 16:39:20 by "java_re" with MS VC++ 10.0 (VS2010)

time: Fri Dec 01 11:33:18 2017
elapsed time: 9 seconds (0d 0h 0m 9s)

